2022-05-26 15:54:30,500 INFO o.a.j.u.JMeterUtils: Setting Locale to en_EN
2022-05-26 15:54:30,535 INFO o.a.j.JMeter: Loading user properties from: /usr/local/Cellar/jmeter/5.4.3/libexec/bin/user.properties
2022-05-26 15:54:30,536 INFO o.a.j.JMeter: Loading system properties from: /usr/local/Cellar/jmeter/5.4.3/libexec/bin/system.properties
2022-05-26 15:54:30,545 INFO o.a.j.JMeter: Copyright (c) 1998-2021 The Apache Software Foundation
2022-05-26 15:54:30,545 INFO o.a.j.JMeter: Version 5.4.3
2022-05-26 15:54:30,545 INFO o.a.j.JMeter: java.version=18.0.1
2022-05-26 15:54:30,545 INFO o.a.j.JMeter: java.vm.name=OpenJDK 64-Bit Server VM
2022-05-26 15:54:30,545 INFO o.a.j.JMeter: os.name=Mac OS X
2022-05-26 15:54:30,545 INFO o.a.j.JMeter: os.arch=x86_64
2022-05-26 15:54:30,546 INFO o.a.j.JMeter: os.version=12.0.1
2022-05-26 15:54:30,546 INFO o.a.j.JMeter: file.encoding=UTF-8
2022-05-26 15:54:30,546 INFO o.a.j.JMeter: java.awt.headless=null
2022-05-26 15:54:30,546 INFO o.a.j.JMeter: Max memory     =1073741824
2022-05-26 15:54:30,547 INFO o.a.j.JMeter: Available Processors =8
2022-05-26 15:54:30,572 INFO o.a.j.JMeter: Default Locale=English (EN)
2022-05-26 15:54:30,574 INFO o.a.j.JMeter: JMeter  Locale=English (EN)
2022-05-26 15:54:30,574 INFO o.a.j.JMeter: JMeterHome=/usr/local/Cellar/jmeter/5.4.3/libexec
2022-05-26 15:54:30,574 INFO o.a.j.JMeter: user.dir  =/Users/mac/Desktop/Load web
2022-05-26 15:54:30,575 INFO o.a.j.JMeter: PWD       =/Users/mac/Desktop/Load web
2022-05-26 15:54:30,632 INFO o.a.j.JMeter: IP: 192.168.0.109 Name: 192.168.0.109 FullName: 192.168.0.109
2022-05-26 15:54:31,101 INFO o.a.j.JMeter: Setting LAF to: laf:com.apple.laf.AquaLookAndFeel
2022-05-26 15:54:32,158 INFO o.a.j.JMeter: Loaded icon properties from org/apache/jmeter/images/icon.properties
2022-05-26 15:54:45,719 INFO o.j.r.JARSourceHTTP: Found cached repo
2022-05-26 15:54:46,107 INFO o.j.r.PluginManager: Plugins Status: [jpgc-graphs-basic=2.0, jpgc-graphs-additional=2.0, awsmeter=2.0.0, schema-assertion=1.0.0, apdexcalculator=2.0.1, jpgc-autostop=0.1, jpgc-functions=2.1, jpgc-casutg=2.10, jpgc-dummy=0.4, jpgc-ffw=2.0, jpgc-fifo=0.2, jmeter.pack-listener=1.7, jmeter-grpc-request=v1.2.1, jpgc-graphs-vs=2.0, jpgc-perfmon=2.1, jpgc-plugins-manager=1.7, jpgc-tst=2.5, jmeter-core=5.4.3, jmeter-ftp=5.4.3, jmeter-http=5.4.3, jmeter-jdbc=5.4.3, jmeter-jms=5.4.3, jmeter-junit=5.4.3, jmeter-java=5.4.3, jmeter-ldap=5.4.3, jmeter-mail=5.4.3, jmeter-mongodb=5.4.3, jmeter-native=5.4.3, jmeter-tcp=5.4.3, jmeter-components=5.4.3, jpgc-standard=2.0]
2022-05-26 15:56:58,855 INFO o.a.j.s.FileServer: Default base='/Users/mac/Desktop/Load web'
2022-05-26 15:56:58,863 INFO o.a.j.g.a.Load: Loading file: /Users/mac/Desktop/Load-web/Test Plan for me.jmx
2022-05-26 15:56:58,863 INFO o.a.j.s.FileServer: Set new base='/Users/mac/Desktop/Load-web'
2022-05-26 15:56:59,463 INFO o.a.j.s.SaveService: Testplan (JMX) version: 2.2. Testlog (JTL) version: 2.2
2022-05-26 15:56:59,499 INFO o.a.j.s.SaveService: Using SaveService properties version 5.0
2022-05-26 15:56:59,505 INFO o.a.j.s.SaveService: Using SaveService properties file encoding UTF-8
2022-05-26 15:56:59,514 INFO o.a.j.s.SaveService: Loading file: /Users/mac/Desktop/Load-web/Test Plan for me.jmx
2022-05-26 15:56:59,560 WARN o.j.r.p.TestPlanAnalyzer: Cannot parse file: /Users/mac/Desktop/Load-web/Test Plan for me.jmx
org.xml.sax.SAXParseException: Character reference "&#x0" is an invalid XML character.
	at org.apache.xerces.parsers.DOMParser.parse(Unknown Source) ~[xercesImpl-2.12.0.jar:?]
	at org.apache.xerces.jaxp.DocumentBuilderImpl.parse(Unknown Source) ~[xercesImpl-2.12.0.jar:?]
	at javax.xml.parsers.DocumentBuilder.parse(DocumentBuilder.java:122) ~[?:?]
	at org.jmeterplugins.repository.plugins.TestPlanAnalyzer.getNodeListWithClassNames(TestPlanAnalyzer.java:112) ~[jmeter-plugins-manager-1.7.jar:?]
	at org.jmeterplugins.repository.plugins.TestPlanAnalyzer.analyze(TestPlanAnalyzer.java:37) ~[jmeter-plugins-manager-1.7.jar:?]
	at org.jmeterplugins.repository.plugins.PluginSuggester.analyzeTestPlan(PluginSuggester.java:51) ~[jmeter-plugins-manager-1.7.jar:?]
	at org.jmeterplugins.repository.plugins.PluginSuggester.findPluginsToInstall(PluginSuggester.java:44) ~[jmeter-plugins-manager-1.7.jar:?]
	at org.jmeterplugins.repository.plugins.PluginSuggester.checkAndSuggest(PluginSuggester.java:28) ~[jmeter-plugins-manager-1.7.jar:?]
	at org.jmeterplugins.repository.logging.LoggerAppender.append(LoggerAppender.java:33) ~[jmeter-plugins-manager-1.7.jar:?]
	at org.apache.logging.log4j.core.config.AppenderControl.tryCallAppender(AppenderControl.java:161) ~[log4j-core-2.17.0.jar:2.17.0]
	at org.apache.logging.log4j.core.config.AppenderControl.callAppender0(AppenderControl.java:134) ~[log4j-core-2.17.0.jar:2.17.0]
	at org.apache.logging.log4j.core.config.AppenderControl.callAppenderPreventRecursion(AppenderControl.java:125) ~[log4j-core-2.17.0.jar:2.17.0]
	at org.apache.logging.log4j.core.config.AppenderControl.callAppender(AppenderControl.java:89) ~[log4j-core-2.17.0.jar:2.17.0]
	at org.apache.logging.log4j.core.config.LoggerConfig.callAppenders(LoggerConfig.java:542) ~[log4j-core-2.17.0.jar:2.17.0]
	at org.apache.logging.log4j.core.config.LoggerConfig.processLogEvent(LoggerConfig.java:500) ~[log4j-core-2.17.0.jar:2.17.0]
	at org.apache.logging.log4j.core.config.LoggerConfig.log(LoggerConfig.java:483) ~[log4j-core-2.17.0.jar:2.17.0]
	at org.apache.logging.log4j.core.config.LoggerConfig.log(LoggerConfig.java:417) ~[log4j-core-2.17.0.jar:2.17.0]
	at org.apache.logging.log4j.core.config.AwaitCompletionReliabilityStrategy.log(AwaitCompletionReliabilityStrategy.java:82) ~[log4j-core-2.17.0.jar:2.17.0]
	at org.apache.logging.log4j.core.Logger.log(Logger.java:161) ~[log4j-core-2.17.0.jar:2.17.0]
	at org.apache.logging.log4j.spi.AbstractLogger.tryLogMessage(AbstractLogger.java:2205) ~[log4j-api-2.17.0.jar:2.17.0]
	at org.apache.logging.log4j.spi.AbstractLogger.logMessageTrackRecursion(AbstractLogger.java:2159) ~[log4j-api-2.17.0.jar:2.17.0]
	at org.apache.logging.log4j.spi.AbstractLogger.logMessageSafely(AbstractLogger.java:2142) ~[log4j-api-2.17.0.jar:2.17.0]
	at org.apache.logging.log4j.spi.AbstractLogger.logMessage(AbstractLogger.java:2034) ~[log4j-api-2.17.0.jar:2.17.0]
	at org.apache.logging.log4j.spi.AbstractLogger.logIfEnabled(AbstractLogger.java:1899) ~[log4j-api-2.17.0.jar:2.17.0]
	at org.apache.logging.slf4j.Log4jLogger.info(Log4jLogger.java:184) ~[log4j-slf4j-impl-2.17.0.jar:2.17.0]
	at org.apache.jmeter.save.SaveService.loadTree(SaveService.java:428) ~[ApacheJMeter_core.jar:5.4.3]
	at org.apache.jmeter.gui.action.Load.loadProjectFile(Load.java:129) ~[ApacheJMeter_core.jar:5.4.3]
	at org.apache.jmeter.gui.action.Load.loadProjectFile(Load.java:101) ~[ApacheJMeter_core.jar:5.4.3]
	at org.apache.jmeter.gui.action.LoadDraggedFile.loadProject(LoadDraggedFile.java:37) ~[ApacheJMeter_core.jar:5.4.3]
	at org.apache.jmeter.gui.MainFrame.openJmxFilesFromDragAndDrop(MainFrame.java:855) ~[ApacheJMeter_core.jar:5.4.3]
	at org.apache.jmeter.gui.MainFrame.drop(MainFrame.java:830) ~[ApacheJMeter_core.jar:5.4.3]
	at java.awt.dnd.DropTarget.drop(DropTarget.java:455) ~[?:?]
	at sun.awt.dnd.SunDropTargetContextPeer.processDropMessage(SunDropTargetContextPeer.java:548) ~[?:?]
	at sun.lwawt.macosx.CDropTargetContextPeer.processDropMessage(CDropTargetContextPeer.java:129) ~[?:?]
	at sun.awt.dnd.SunDropTargetContextPeer$EventDispatcher.dispatchDropEvent(SunDropTargetContextPeer.java:864) ~[?:?]
	at sun.awt.dnd.SunDropTargetContextPeer$EventDispatcher.dispatchEvent(SunDropTargetContextPeer.java:788) ~[?:?]
	at sun.awt.dnd.SunDropTargetEvent.dispatch(SunDropTargetEvent.java:48) ~[?:?]
	at java.awt.Component.dispatchEventImpl(Component.java:4856) ~[?:?]
	at java.awt.Container.dispatchEventImpl(Container.java:2324) ~[?:?]
	at java.awt.Window.dispatchEventImpl(Window.java:2780) ~[?:?]
	at java.awt.Component.dispatchEvent(Component.java:4823) ~[?:?]
	at java.awt.EventQueue.dispatchEventImpl(EventQueue.java:775) ~[?:?]
	at java.awt.EventQueue$4.run(EventQueue.java:720) ~[?:?]
	at java.awt.EventQueue$4.run(EventQueue.java:714) ~[?:?]
	at java.security.AccessController.doPrivileged(AccessController.java:399) [?:?]
	at java.security.ProtectionDomain$JavaSecurityAccessImpl.doIntersectionPrivilege(ProtectionDomain.java:86) ~[?:?]
	at java.security.ProtectionDomain$JavaSecurityAccessImpl.doIntersectionPrivilege(ProtectionDomain.java:97) ~[?:?]
	at java.awt.EventQueue$5.run(EventQueue.java:747) ~[?:?]
	at java.awt.EventQueue$5.run(EventQueue.java:745) ~[?:?]
	at java.security.AccessController.doPrivileged(AccessController.java:399) [?:?]
	at java.security.ProtectionDomain$JavaSecurityAccessImpl.doIntersectionPrivilege(ProtectionDomain.java:86) [?:?]
	at java.awt.EventQueue.dispatchEvent(EventQueue.java:744) [?:?]
	at java.awt.EventDispatchThread.pumpOneEventForFilters(EventDispatchThread.java:203) [?:?]
	at java.awt.EventDispatchThread.pumpEventsForFilter(EventDispatchThread.java:124) [?:?]
	at java.awt.EventDispatchThread.pumpEventsForHierarchy(EventDispatchThread.java:113) [?:?]
	at java.awt.EventDispatchThread.pumpEvents(EventDispatchThread.java:109) [?:?]
	at java.awt.EventDispatchThread.pumpEvents(EventDispatchThread.java:101) [?:?]
	at java.awt.EventDispatchThread.run(EventDispatchThread.java:90) [?:?]
2022-05-26 15:56:59,733 INFO o.a.j.p.h.s.HTTPSamplerBase: Parser for text/html is org.apache.jmeter.protocol.http.parser.LagartoBasedHtmlParser
2022-05-26 15:56:59,734 INFO o.a.j.p.h.s.HTTPSamplerBase: Parser for application/xhtml+xml is org.apache.jmeter.protocol.http.parser.LagartoBasedHtmlParser
2022-05-26 15:56:59,734 INFO o.a.j.p.h.s.HTTPSamplerBase: Parser for application/xml is org.apache.jmeter.protocol.http.parser.LagartoBasedHtmlParser
2022-05-26 15:56:59,734 INFO o.a.j.p.h.s.HTTPSamplerBase: Parser for text/xml is org.apache.jmeter.protocol.http.parser.LagartoBasedHtmlParser
2022-05-26 15:56:59,734 INFO o.a.j.p.h.s.HTTPSamplerBase: Parser for text/vnd.wap.wml is org.apache.jmeter.protocol.http.parser.RegexpHTMLParser
2022-05-26 15:56:59,734 INFO o.a.j.p.h.s.HTTPSamplerBase: Parser for text/css is org.apache.jmeter.protocol.http.parser.CssParser
2022-05-26 15:56:59,832 INFO o.a.j.s.SampleResult: Note: Sample TimeStamps are START times
2022-05-26 15:56:59,832 INFO o.a.j.s.SampleResult: sampleresult.default.encoding is set to ISO-8859-1
2022-05-26 15:56:59,832 INFO o.a.j.s.SampleResult: sampleresult.useNanoTime=true
2022-05-26 15:56:59,832 INFO o.a.j.s.SampleResult: sampleresult.nanoThreadSleep=5000
2022-05-26 15:57:00,821 INFO o.a.j.e.KeyToolUtils: keytool found at 'keytool'
2022-05-26 15:57:00,822 INFO o.a.j.p.h.p.ProxyControl: HTTP(S) Test Script Recorder SSL Proxy will use keys that support embedded 3rd party resources in file /usr/local/Cellar/jmeter/5.4.3/libexec/bin/proxyserver.jks
2022-05-26 15:57:02,038 INFO o.a.j.v.ViewResultsFullVisualizer: Add JavaFX to your Java installation if you want to use renderer: org.apache.jmeter.visualizers.RenderInBrowser
2022-05-26 15:57:03,300 INFO o.a.j.s.FileServer: Set new base='/Users/mac/Desktop/Load-web'
